--------------------------------------------------------------------------------
Release 14.7 Trace  (nt64)
Copyright (c) 1995-2013 Xilinx, Inc.  All rights reserved.

E:\verilog11\14.7\ISE_DS\ISE\bin\nt64\unwrapped\trce.exe -intstyle ise -v 3 -s
5 -n 3 -fastpaths -xml HealthcareSystemFirstPhase.twx
HealthcareSystemFirstPhase.ncd -o HealthcareSystemFirstPhase.twr
HealthcareSystemFirstPhase.pcf

Design file:              HealthcareSystemFirstPhase.ncd
Physical constraint file: HealthcareSystemFirstPhase.pcf
Device,package,speed:     xc3s400,pq208,-5 (PRODUCTION 1.39 2013-10-13)
Report level:             verbose report

Environment Variable      Effect 
--------------------      ------ 
NONE                      No environment variables were set
--------------------------------------------------------------------------------

INFO:Timing:2698 - No timing constraints found, doing default enumeration.
INFO:Timing:3412 - To improve timing, see the Timing Closure User Guide (UG612).
INFO:Timing:2752 - To get complete path coverage, use the unconstrained paths 
   option. All paths that are not constrained will be reported in the 
   unconstrained paths section(s) of the report.
INFO:Timing:3339 - The clock-to-out numbers in this timing report are based on 
   a 50 Ohm transmission line loading model.  For the details of this model, 
   and for more information on accounting for different loading conditions, 
   please see the device datasheet.
INFO:Timing:3390 - This architecture does not support a default System Jitter 
   value, please add SYSTEM_JITTER constraint to the UCF to modify the Clock 
   Uncertainty calculation.
INFO:Timing:3389 - This architecture does not support 'Discrete Jitter' and 
   'Phase Error' calculations, these terms will be zero in the Clock 
   Uncertainty calculation.  Please make appropriate modification to 
   SYSTEM_JITTER to account for the unsupported Discrete Jitter and Phase 
   Error.



Data Sheet report:
-----------------
All values displayed in nanoseconds (ns)

Pad to Pad
------------------+----------------------+---------+
Source Pad        |Destination Pad       |  Delay  |
------------------+----------------------+---------+
bloodPH<0>        |bloodAbnormality      |   10.003|
bloodPH<1>        |bloodAbnormality      |    8.090|
bloodPH<2>        |bloodAbnormality      |    8.157|
bloodPH<3>        |bloodAbnormality      |    9.214|
bloodType<0>      |bloodAbnormality      |   10.038|
bloodType<1>      |bloodAbnormality      |    9.677|
bloodType<2>      |bloodAbnormality      |    9.644|
factoryBaseTemp<0>|temperatureAbnormality|   11.216|
factoryBaseTemp<1>|temperatureAbnormality|   11.350|
factoryBaseTemp<2>|temperatureAbnormality|   11.105|
factoryBaseTemp<3>|temperatureAbnormality|    9.657|
factoryBaseTemp<4>|temperatureAbnormality|    9.522|
factoryBaseTemp<5>|temperatureAbnormality|    7.720|
factoryBaseTemp<6>|temperatureAbnormality|   10.370|
factoryBaseTemp<7>|temperatureAbnormality|   10.273|
factoryTempCoef<0>|temperatureAbnormality|   16.897|
factoryTempCoef<1>|temperatureAbnormality|   16.401|
factoryTempCoef<2>|temperatureAbnormality|   14.583|
factoryTempCoef<3>|temperatureAbnormality|   14.551|
fdFactoryValue<0> |fallDetected          |   12.234|
fdFactoryValue<1> |fallDetected          |   12.409|
fdFactoryValue<2> |fallDetected          |    7.075|
fdFactoryValue<3> |fallDetected          |    6.719|
fdFactoryValue<4> |fallDetected          |   11.062|
fdFactoryValue<5> |fallDetected          |   10.092|
fdFactoryValue<6> |fallDetected          |   10.148|
fdFactoryValue<7> |fallDetected          |    9.482|
fdSensorValue<0>  |fallDetected          |   12.721|
fdSensorValue<1>  |fallDetected          |   12.234|
fdSensorValue<2>  |fallDetected          |    7.311|
fdSensorValue<3>  |fallDetected          |    7.039|
fdSensorValue<4>  |fallDetected          |   11.320|
fdSensorValue<5>  |fallDetected          |   10.092|
fdSensorValue<6>  |fallDetected          |   10.028|
fdSensorValue<7>  |fallDetected          |    9.165|
pressureData<0>   |presureAbnormality    |    9.278|
pressureData<1>   |presureAbnormality    |    8.487|
pressureData<2>   |presureAbnormality    |    8.621|
pressureData<3>   |presureAbnormality    |    7.695|
pressureData<4>   |presureAbnormality    |    7.508|
pressureData<5>   |presureAbnormality    |    8.975|
tempSensorValue<0>|temperatureAbnormality|   16.552|
tempSensorValue<1>|temperatureAbnormality|   16.364|
tempSensorValue<2>|temperatureAbnormality|   16.178|
tempSensorValue<3>|temperatureAbnormality|   16.695|
------------------+----------------------+---------+


Analysis completed Sun Jan 26 18:24:47 2020 
--------------------------------------------------------------------------------

Trace Settings:
-------------------------
Trace Settings 

Peak Memory Usage: 4479 MB



